[1124/154041.163:ERROR:directory_reader_win.cc(43)] FindFirstFile: 系统找不到指定的路径。 (0x3)
[1125/202924.276:ERROR:directory_reader_win.cc(43)] FindFirstFile: 系统找不到指定的路径。 (0x3)
[1128/133647.932:ERROR:directory_reader_win.cc(43)] FindFirstFile: 系统找不到指定的路径。 (0x3)
[1130/193020.528:ERROR:directory_reader_win.cc(43)] FindFirstFile: 系统找不到指定的路径。 (0x3)
[1202/142619.075:ERROR:directory_reader_win.cc(43)] FindFirstFile: 系统找不到指定的路径。 (0x3)
[1202/202158.364:ERROR:directory_reader_win.cc(43)] FindFirstFile: 系统找不到指定的路径。 (0x3)
[1202/202158.594:ERROR:filesystem_win.cc(129)] GetFileAttributes C:\Users\lenovo\AppData\Local\Google\Chrome\User Data\Crashpad\attachments\277b0dc4-2647-4b50-b69e-164038081db4: 系统找不到指定的路径。 (0x3)
[1202/202158.660:ERROR:filesystem_win.cc(129)] GetFileAttributes C:\Users\lenovo\AppData\Local\Google\Chrome\User Data\Crashpad\attachments\fe2c75ba-b671-4f7b-bb4e-2c2a6b4731fa: 系统找不到指定的路径。 (0x3)
[1202/202158.719:ERROR:filesystem_win.cc(129)] GetFileAttributes C:\Users\lenovo\AppData\Local\Google\Chrome\User Data\Crashpad\attachments\fc5286f5-5f79-47f4-9da4-041509d065f9: 系统找不到指定的路径。 (0x3)
[1202/202158.778:ERROR:filesystem_win.cc(129)] GetFileAttributes C:\Users\lenovo\AppData\Local\Google\Chrome\User Data\Crashpad\attachments\fb8f53bf-ef2d-4b28-87cc-d4b0507b33b6: 系统找不到指定的路径。 (0x3)
[1202/202158.837:ERROR:filesystem_win.cc(129)] GetFileAttributes C:\Users\lenovo\AppData\Local\Google\Chrome\User Data\Crashpad\attachments\3b09f72d-788c-4579-b889-b08ac68e1aa8: 系统找不到指定的路径。 (0x3)
[1202/202158.897:ERROR:filesystem_win.cc(129)] GetFileAttributes C:\Users\lenovo\AppData\Local\Google\Chrome\User Data\Crashpad\attachments\0615ede5-a5a1-497a-b175-e4a0bbbb9c89: 系统找不到指定的路径。 (0x3)
[1202/202158.957:ERROR:filesystem_win.cc(129)] GetFileAttributes C:\Users\lenovo\AppData\Local\Google\Chrome\User Data\Crashpad\attachments\bccd802a-e6ed-4484-9a04-1d626baffa68: 系统找不到指定的路径。 (0x3)
[1202/202159.016:ERROR:filesystem_win.cc(129)] GetFileAttributes C:\Users\lenovo\AppData\Local\Google\Chrome\User Data\Crashpad\attachments\0504468a-22fd-47e1-bb86-a395f6422b54: 系统找不到指定的路径。 (0x3)
[1202/202159.075:ERROR:filesystem_win.cc(129)] GetFileAttributes C:\Users\lenovo\AppData\Local\Google\Chrome\User Data\Crashpad\attachments\82dc906a-6778-4b0c-a4a3-965439448a2a: 系统找不到指定的路径。 (0x3)
[1202/202159.133:ERROR:filesystem_win.cc(129)] GetFileAttributes C:\Users\lenovo\AppData\Local\Google\Chrome\User Data\Crashpad\attachments\2017cbfe-ef69-4fe8-8697-9aa4cc859200: 系统找不到指定的路径。 (0x3)
[1202/202159.191:ERROR:filesystem_win.cc(129)] GetFileAttributes C:\Users\lenovo\AppData\Local\Google\Chrome\User Data\Crashpad\attachments\cffa1d01-696f-471e-997b-0f1c52c3b193: 系统找不到指定的路径。 (0x3)
[1202/202159.249:ERROR:filesystem_win.cc(129)] GetFileAttributes C:\Users\lenovo\AppData\Local\Google\Chrome\User Data\Crashpad\attachments\2d65227c-b2f4-4127-9372-9e2c008c7fdf: 系统找不到指定的路径。 (0x3)
[1202/202159.307:ERROR:filesystem_win.cc(129)] GetFileAttributes C:\Users\lenovo\AppData\Local\Google\Chrome\User Data\Crashpad\attachments\2774eae1-1e04-4f6b-be33-3cd9a5b9a32c: 系统找不到指定的路径。 (0x3)
[1202/202159.365:ERROR:filesystem_win.cc(129)] GetFileAttributes C:\Users\lenovo\AppData\Local\Google\Chrome\User Data\Crashpad\attachments\8785c300-19a4-45c5-b2e5-62ef4720730d: 系统找不到指定的路径。 (0x3)
[1202/202159.423:ERROR:filesystem_win.cc(129)] GetFileAttributes C:\Users\lenovo\AppData\Local\Google\Chrome\User Data\Crashpad\attachments\c8e87ae9-ec36-425d-a149-0a538e1d6c39: 系统找不到指定的路径。 (0x3)
[1202/202159.482:ERROR:filesystem_win.cc(129)] GetFileAttributes C:\Users\lenovo\AppData\Local\Google\Chrome\User Data\Crashpad\attachments\1d78bfc3-0414-4b69-a7f6-86db99fb1402: 系统找不到指定的路径。 (0x3)
[1202/202159.539:ERROR:filesystem_win.cc(129)] GetFileAttributes C:\Users\lenovo\AppData\Local\Google\Chrome\User Data\Crashpad\attachments\a867941e-a868-4ebf-bb6d-dfe05a58e818: 系统找不到指定的路径。 (0x3)
[1202/202159.596:ERROR:filesystem_win.cc(129)] GetFileAttributes C:\Users\lenovo\AppData\Local\Google\Chrome\User Data\Crashpad\attachments\4e367be4-07ce-4271-a864-0c5863740b25: 系统找不到指定的路径。 (0x3)
[1202/202159.654:ERROR:filesystem_win.cc(129)] GetFileAttributes C:\Users\lenovo\AppData\Local\Google\Chrome\User Data\Crashpad\attachments\3c7ae82c-5eb9-4d54-b7f0-fededd2c301c: 系统找不到指定的路径。 (0x3)
[1202/202159.710:ERROR:filesystem_win.cc(129)] GetFileAttributes C:\Users\lenovo\AppData\Local\Google\Chrome\User Data\Crashpad\attachments\04b56777-6b79-4676-bbf6-034ef62b3d5e: 系统找不到指定的路径。 (0x3)
[1202/202159.768:ERROR:filesystem_win.cc(129)] GetFileAttributes C:\Users\lenovo\AppData\Local\Google\Chrome\User Data\Crashpad\attachments\63bf1232-d6fc-496b-bc66-955d8c78f059: 系统找不到指定的路径。 (0x3)
[1202/202159.825:ERROR:filesystem_win.cc(129)] GetFileAttributes C:\Users\lenovo\AppData\Local\Google\Chrome\User Data\Crashpad\attachments\6b4e0412-cb00-4882-81a8-7d9a0809698b: 系统找不到指定的路径。 (0x3)
[1202/202159.881:ERROR:filesystem_win.cc(129)] GetFileAttributes C:\Users\lenovo\AppData\Local\Google\Chrome\User Data\Crashpad\attachments\d1b65d44-da33-4c5d-892a-be872f836418: 系统找不到指定的路径。 (0x3)
[1202/202159.939:ERROR:filesystem_win.cc(129)] GetFileAttributes C:\Users\lenovo\AppData\Local\Google\Chrome\User Data\Crashpad\attachments\a8d8353e-e643-4afa-9eab-cfa17bae00be: 系统找不到指定的路径。 (0x3)
[1202/202159.996:ERROR:filesystem_win.cc(129)] GetFileAttributes C:\Users\lenovo\AppData\Local\Google\Chrome\User Data\Crashpad\attachments\05de88bb-67ac-487c-a615-374e4adb1c9a: 系统找不到指定的路径。 (0x3)
[1202/202200.066:ERROR:filesystem_win.cc(129)] GetFileAttributes C:\Users\lenovo\AppData\Local\Google\Chrome\User Data\Crashpad\attachments\c4521af7-d625-4e37-aa92-6cbad1232e8d: 系统找不到指定的路径。 (0x3)
[1202/202200.123:ERROR:filesystem_win.cc(129)] GetFileAttributes C:\Users\lenovo\AppData\Local\Google\Chrome\User Data\Crashpad\attachments\30f74fe9-8faf-4549-9f2c-29d98dc6cda1: 系统找不到指定的路径。 (0x3)
[1202/202200.179:ERROR:filesystem_win.cc(129)] GetFileAttributes C:\Users\lenovo\AppData\Local\Google\Chrome\User Data\Crashpad\attachments\de1ad193-8447-4a76-a591-e74b2ffee0c0: 系统找不到指定的路径。 (0x3)
[1202/202200.235:ERROR:filesystem_win.cc(129)] GetFileAttributes C:\Users\lenovo\AppData\Local\Google\Chrome\User Data\Crashpad\attachments\6ac95db2-68b4-460e-b751-8d459bb38155: 系统找不到指定的路径。 (0x3)
[1202/202200.291:ERROR:filesystem_win.cc(129)] GetFileAttributes C:\Users\lenovo\AppData\Local\Google\Chrome\User Data\Crashpad\attachments\aa980239-1abe-4762-9000-2b49a68caf78: 系统找不到指定的路径。 (0x3)
[1202/202200.346:ERROR:filesystem_win.cc(129)] GetFileAttributes C:\Users\lenovo\AppData\Local\Google\Chrome\User Data\Crashpad\attachments\c46aa44f-e5e8-47ee-bed9-282e32580a54: 系统找不到指定的路径。 (0x3)
[1202/202200.402:ERROR:filesystem_win.cc(129)] GetFileAttributes C:\Users\lenovo\AppData\Local\Google\Chrome\User Data\Crashpad\attachments\c98f3e6a-fd5e-4f43-808a-5d0e31c5f4cb: 系统找不到指定的路径。 (0x3)
[1202/202200.459:ERROR:filesystem_win.cc(129)] GetFileAttributes C:\Users\lenovo\AppData\Local\Google\Chrome\User Data\Crashpad\attachments\e88f4520-2882-45da-9986-60bb09c87f03: 系统找不到指定的路径。 (0x3)
[1202/202200.514:ERROR:filesystem_win.cc(129)] GetFileAttributes C:\Users\lenovo\AppData\Local\Google\Chrome\User Data\Crashpad\attachments\0aae4f8a-596c-477e-841f-e6d2cd3b2d8c: 系统找不到指定的路径。 (0x3)
[1202/202200.569:ERROR:filesystem_win.cc(129)] GetFileAttributes C:\Users\lenovo\AppData\Local\Google\Chrome\User Data\Crashpad\attachments\b6e8de35-4ade-4591-b94a-42844eec6e6c: 系统找不到指定的路径。 (0x3)
[1202/202200.626:ERROR:filesystem_win.cc(129)] GetFileAttributes C:\Users\lenovo\AppData\Local\Google\Chrome\User Data\Crashpad\attachments\e22dd49e-fa35-4d84-b218-859ae18b48e4: 系统找不到指定的路径。 (0x3)
[1202/202200.681:ERROR:filesystem_win.cc(129)] GetFileAttributes C:\Users\lenovo\AppData\Local\Google\Chrome\User Data\Crashpad\attachments\57f681f4-9b85-43e1-b978-053dacdf8c7e: 系统找不到指定的路径。 (0x3)
[1202/202200.735:ERROR:filesystem_win.cc(129)] GetFileAttributes C:\Users\lenovo\AppData\Local\Google\Chrome\User Data\Crashpad\attachments\ed3753c9-ad57-4f6b-8389-d09ccf7a0295: 系统找不到指定的路径。 (0x3)
[1202/202200.791:ERROR:filesystem_win.cc(129)] GetFileAttributes C:\Users\lenovo\AppData\Local\Google\Chrome\User Data\Crashpad\attachments\51d7055c-4453-4c65-ab2e-f033e896893d: 系统找不到指定的路径。 (0x3)
[1202/202200.846:ERROR:filesystem_win.cc(129)] GetFileAttributes C:\Users\lenovo\AppData\Local\Google\Chrome\User Data\Crashpad\attachments\9312b727-5faa-4a68-940a-525dc9d3de94: 系统找不到指定的路径。 (0x3)
[1202/202200.901:ERROR:filesystem_win.cc(129)] GetFileAttributes C:\Users\lenovo\AppData\Local\Google\Chrome\User Data\Crashpad\attachments\ae68f9d1-1720-49fb-82b0-006f7d558278: 系统找不到指定的路径。 (0x3)
[1202/202200.957:ERROR:filesystem_win.cc(129)] GetFileAttributes C:\Users\lenovo\AppData\Local\Google\Chrome\User Data\Crashpad\attachments\89cadbf1-1838-4912-86ed-9508a94d904a: 系统找不到指定的路径。 (0x3)
[1202/202201.012:ERROR:filesystem_win.cc(129)] GetFileAttributes C:\Users\lenovo\AppData\Local\Google\Chrome\User Data\Crashpad\attachments\296d1b10-e800-4488-b14d-40e2ae907587: 系统找不到指定的路径。 (0x3)
[1202/202201.066:ERROR:filesystem_win.cc(129)] GetFileAttributes C:\Users\lenovo\AppData\Local\Google\Chrome\User Data\Crashpad\attachments\4f846e1e-cc8e-4471-ad80-2fe1fcf25459: 系统找不到指定的路径。 (0x3)
[1202/202201.120:ERROR:filesystem_win.cc(129)] GetFileAttributes C:\Users\lenovo\AppData\Local\Google\Chrome\User Data\Crashpad\attachments\269c6b48-7d75-4924-ad90-6332818622b8: 系统找不到指定的路径。 (0x3)
[1202/202201.174:ERROR:filesystem_win.cc(129)] GetFileAttributes C:\Users\lenovo\AppData\Local\Google\Chrome\User Data\Crashpad\attachments\f92a3642-53a0-408c-8c27-5aedb08dad71: 系统找不到指定的路径。 (0x3)
[1202/202201.227:ERROR:filesystem_win.cc(129)] GetFileAttributes C:\Users\lenovo\AppData\Local\Google\Chrome\User Data\Crashpad\attachments\f7da22e7-eca7-4124-b37f-0796a294c4a4: 系统找不到指定的路径。 (0x3)
[1202/202201.281:ERROR:filesystem_win.cc(129)] GetFileAttributes C:\Users\lenovo\AppData\Local\Google\Chrome\User Data\Crashpad\attachments\6c8c08b7-539f-4ec8-90cb-79999262346b: 系统找不到指定的路径。 (0x3)
[1202/202201.334:ERROR:filesystem_win.cc(129)] GetFileAttributes C:\Users\lenovo\AppData\Local\Google\Chrome\User Data\Crashpad\attachments\42e286d5-93d5-43ac-98a9-d0650d90e219: 系统找不到指定的路径。 (0x3)
[1202/202201.387:ERROR:filesystem_win.cc(129)] GetFileAttributes C:\Users\lenovo\AppData\Local\Google\Chrome\User Data\Crashpad\attachments\c75195e0-f3cd-4511-a237-7b423091d174: 系统找不到指定的路径。 (0x3)
[1202/202201.442:ERROR:filesystem_win.cc(129)] GetFileAttributes C:\Users\lenovo\AppData\Local\Google\Chrome\User Data\Crashpad\attachments\3334b420-1e6c-493a-b802-61aaf194d74c: 系统找不到指定的路径。 (0x3)
[1202/202201.495:ERROR:filesystem_win.cc(129)] GetFileAttributes C:\Users\lenovo\AppData\Local\Google\Chrome\User Data\Crashpad\attachments\0f4e2bde-198f-4d89-bb0f-b497f96d33db: 系统找不到指定的路径。 (0x3)
[1202/202201.548:ERROR:filesystem_win.cc(129)] GetFileAttributes C:\Users\lenovo\AppData\Local\Google\Chrome\User Data\Crashpad\attachments\a5875115-70cc-4dc5-a4b6-db60a1f12a85: 系统找不到指定的路径。 (0x3)
[1202/202201.601:ERROR:filesystem_win.cc(129)] GetFileAttributes C:\Users\lenovo\AppData\Local\Google\Chrome\User Data\Crashpad\attachments\96a589a3-b119-446a-ae10-657d5117a0d5: 系统找不到指定的路径。 (0x3)
[1202/202201.654:ERROR:filesystem_win.cc(129)] GetFileAttributes C:\Users\lenovo\AppData\Local\Google\Chrome\User Data\Crashpad\attachments\f2afb50d-c44e-4df4-801e-0381bb9b3fbd: 系统找不到指定的路径。 (0x3)
[1202/202201.706:ERROR:filesystem_win.cc(129)] GetFileAttributes C:\Users\lenovo\AppData\Local\Google\Chrome\User Data\Crashpad\attachments\53ad476d-2839-4278-a581-74ca45c14419: 系统找不到指定的路径。 (0x3)
[1202/202201.760:ERROR:filesystem_win.cc(129)] GetFileAttributes C:\Users\lenovo\AppData\Local\Google\Chrome\User Data\Crashpad\attachments\f5ceda47-a09a-43f2-90c3-eb0b0ef56740: 系统找不到指定的路径。 (0x3)
[1202/202201.812:ERROR:filesystem_win.cc(129)] GetFileAttributes C:\Users\lenovo\AppData\Local\Google\Chrome\User Data\Crashpad\attachments\862b4768-0360-4f1e-aee7-5a6014cc1c03: 系统找不到指定的路径。 (0x3)
[1202/202201.864:ERROR:filesystem_win.cc(129)] GetFileAttributes C:\Users\lenovo\AppData\Local\Google\Chrome\User Data\Crashpad\attachments\271a8cc1-70da-4c26-a61b-6b9cf5ca733c: 系统找不到指定的路径。 (0x3)
[1202/202201.917:ERROR:filesystem_win.cc(129)] GetFileAttributes C:\Users\lenovo\AppData\Local\Google\Chrome\User Data\Crashpad\attachments\7683e350-0b9a-45d3-a4a8-cd8843dd3f89: 系统找不到指定的路径。 (0x3)
[1202/202201.969:ERROR:filesystem_win.cc(129)] GetFileAttributes C:\Users\lenovo\AppData\Local\Google\Chrome\User Data\Crashpad\attachments\b6b9d117-a7d7-4619-9ed1-7a7e35b06f7d: 系统找不到指定的路径。 (0x3)
[1202/202202.022:ERROR:filesystem_win.cc(129)] GetFileAttributes C:\Users\lenovo\AppData\Local\Google\Chrome\User Data\Crashpad\attachments\02922a2c-7755-45af-9505-7d32cbf55383: 系统找不到指定的路径。 (0x3)
[1202/202202.074:ERROR:filesystem_win.cc(129)] GetFileAttributes C:\Users\lenovo\AppData\Local\Google\Chrome\User Data\Crashpad\attachments\a0c7edbd-031b-44ed-a7c8-5d26d9940a1b: 系统找不到指定的路径。 (0x3)
[1202/202202.126:ERROR:filesystem_win.cc(129)] GetFileAttributes C:\Users\lenovo\AppData\Local\Google\Chrome\User Data\Crashpad\attachments\3c498136-bdb0-48d6-b74b-98a3bbd85861: 系统找不到指定的路径。 (0x3)
[1202/202202.177:ERROR:filesystem_win.cc(129)] GetFileAttributes C:\Users\lenovo\AppData\Local\Google\Chrome\User Data\Crashpad\attachments\a5010498-4923-4377-9458-c3e34b114516: 系统找不到指定的路径。 (0x3)
[1202/202202.229:ERROR:filesystem_win.cc(129)] GetFileAttributes C:\Users\lenovo\AppData\Local\Google\Chrome\User Data\Crashpad\attachments\98bdcae2-c8d8-4160-b3c5-fedec6a1c386: 系统找不到指定的路径。 (0x3)
[1202/202202.280:ERROR:filesystem_win.cc(129)] GetFileAttributes C:\Users\lenovo\AppData\Local\Google\Chrome\User Data\Crashpad\attachments\f2329d72-8164-490f-92e9-f46f02ddb40c: 系统找不到指定的路径。 (0x3)
[1202/202202.332:ERROR:filesystem_win.cc(129)] GetFileAttributes C:\Users\lenovo\AppData\Local\Google\Chrome\User Data\Crashpad\attachments\cc4bf7fd-965d-4899-be31-a7c0571c5ed4: 系统找不到指定的路径。 (0x3)
[1202/202202.383:ERROR:filesystem_win.cc(129)] GetFileAttributes C:\Users\lenovo\AppData\Local\Google\Chrome\User Data\Crashpad\attachments\a72e4f6f-e336-4503-9c16-0f3aa8578fab: 系统找不到指定的路径。 (0x3)
[1202/202202.435:ERROR:filesystem_win.cc(129)] GetFileAttributes C:\Users\lenovo\AppData\Local\Google\Chrome\User Data\Crashpad\attachments\e125182c-1fc5-4a1f-b17a-80e09e594607: 系统找不到指定的路径。 (0x3)
[1202/202202.486:ERROR:filesystem_win.cc(129)] GetFileAttributes C:\Users\lenovo\AppData\Local\Google\Chrome\User Data\Crashpad\attachments\b8b08a93-c93b-435d-94ef-533bd58588d3: 系统找不到指定的路径。 (0x3)
[1202/202202.537:ERROR:filesystem_win.cc(129)] GetFileAttributes C:\Users\lenovo\AppData\Local\Google\Chrome\User Data\Crashpad\attachments\896971de-4811-41a4-b6f7-14db7134c775: 系统找不到指定的路径。 (0x3)
[1202/202202.590:ERROR:filesystem_win.cc(129)] GetFileAttributes C:\Users\lenovo\AppData\Local\Google\Chrome\User Data\Crashpad\attachments\72d560ce-8c78-415d-9f75-ea443e68cebd: 系统找不到指定的路径。 (0x3)
[1202/202202.644:ERROR:filesystem_win.cc(129)] GetFileAttributes C:\Users\lenovo\AppData\Local\Google\Chrome\User Data\Crashpad\attachments\dffe7db0-3ba2-4a21-840d-275420f487fe: 系统找不到指定的路径。 (0x3)
[1202/202202.697:ERROR:filesystem_win.cc(129)] GetFileAttributes C:\Users\lenovo\AppData\Local\Google\Chrome\User Data\Crashpad\attachments\d4996523-4e08-43b0-baab-7ad168eab73c: 系统找不到指定的路径。 (0x3)
[1202/202202.754:ERROR:filesystem_win.cc(129)] GetFileAttributes C:\Users\lenovo\AppData\Local\Google\Chrome\User Data\Crashpad\attachments\64c0c26f-048d-4644-aea7-4761edfd0e08: 系统找不到指定的路径。 (0x3)
[1202/202202.815:ERROR:filesystem_win.cc(129)] GetFileAttributes C:\Users\lenovo\AppData\Local\Google\Chrome\User Data\Crashpad\attachments\8cad6956-edc4-4bc2-bcca-429321a24e1e: 系统找不到指定的路径。 (0x3)
[1202/202202.869:ERROR:filesystem_win.cc(129)] GetFileAttributes C:\Users\lenovo\AppData\Local\Google\Chrome\User Data\Crashpad\attachments\6cabd076-d5f8-4659-bcda-83c8ce3d3f2f: 系统找不到指定的路径。 (0x3)
[1202/202202.921:ERROR:filesystem_win.cc(129)] GetFileAttributes C:\Users\lenovo\AppData\Local\Google\Chrome\User Data\Crashpad\attachments\346bc2f4-8151-488d-85d6-a53367e29bd2: 系统找不到指定的路径。 (0x3)
[1202/202202.976:ERROR:filesystem_win.cc(129)] GetFileAttributes C:\Users\lenovo\AppData\Local\Google\Chrome\User Data\Crashpad\attachments\ad728f36-7ffd-40be-95fe-060e29366ebd: 系统找不到指定的路径。 (0x3)
[1202/202203.026:ERROR:filesystem_win.cc(129)] GetFileAttributes C:\Users\lenovo\AppData\Local\Google\Chrome\User Data\Crashpad\attachments\c2b46285-e85d-44c4-a2de-7675e4ac02ca: 系统找不到指定的路径。 (0x3)
[1202/202203.082:ERROR:filesystem_win.cc(129)] GetFileAttributes C:\Users\lenovo\AppData\Local\Google\Chrome\User Data\Crashpad\attachments\0e14d0e6-024b-4086-ae9f-4fb6919bcdd2: 系统找不到指定的路径。 (0x3)
[1202/202203.137:ERROR:filesystem_win.cc(129)] GetFileAttributes C:\Users\lenovo\AppData\Local\Google\Chrome\User Data\Crashpad\attachments\8303cdc0-d344-4167-b95f-8515ca2ab109: 系统找不到指定的路径。 (0x3)
[1202/202203.186:ERROR:filesystem_win.cc(129)] GetFileAttributes C:\Users\lenovo\AppData\Local\Google\Chrome\User Data\Crashpad\attachments\6815732a-fa29-4ecd-8c1f-3622ce4bb432: 系统找不到指定的路径。 (0x3)
[1202/202203.241:ERROR:filesystem_win.cc(129)] GetFileAttributes C:\Users\lenovo\AppData\Local\Google\Chrome\User Data\Crashpad\attachments\d565ea80-21df-41bd-b461-2a53040ca4a7: 系统找不到指定的路径。 (0x3)
[1202/202203.292:ERROR:filesystem_win.cc(129)] GetFileAttributes C:\Users\lenovo\AppData\Local\Google\Chrome\User Data\Crashpad\attachments\b818d693-df8d-4b83-899a-84dc21e676c6: 系统找不到指定的路径。 (0x3)
[1202/202203.342:ERROR:filesystem_win.cc(129)] GetFileAttributes C:\Users\lenovo\AppData\Local\Google\Chrome\User Data\Crashpad\attachments\ca9830ad-379d-4756-9194-0c6b7a5a5bc4: 系统找不到指定的路径。 (0x3)
[1202/202203.394:ERROR:filesystem_win.cc(129)] GetFileAttributes C:\Users\lenovo\AppData\Local\Google\Chrome\User Data\Crashpad\attachments\0440dd59-3f01-45b5-b80d-23f21d31dcc2: 系统找不到指定的路径。 (0x3)
[1202/202203.444:ERROR:filesystem_win.cc(129)] GetFileAttributes C:\Users\lenovo\AppData\Local\Google\Chrome\User Data\Crashpad\attachments\b76fba17-d934-4b45-9c69-471b0b130be9: 系统找不到指定的路径。 (0x3)
[1202/202203.494:ERROR:filesystem_win.cc(129)] GetFileAttributes C:\Users\lenovo\AppData\Local\Google\Chrome\User Data\Crashpad\attachments\335ba727-c0f7-49b9-9933-855b9ec94d8b: 系统找不到指定的路径。 (0x3)
[1202/202203.557:ERROR:filesystem_win.cc(129)] GetFileAttributes C:\Users\lenovo\AppData\Local\Google\Chrome\User Data\Crashpad\attachments\b331112f-f033-4bf7-bffc-bb439215f232: 系统找不到指定的路径。 (0x3)
[1202/202203.620:ERROR:filesystem_win.cc(129)] GetFileAttributes C:\Users\lenovo\AppData\Local\Google\Chrome\User Data\Crashpad\attachments\4cfa94fe-7b87-42c4-9ed2-3c1be8fb40a0: 系统找不到指定的路径。 (0x3)
[1202/202203.671:ERROR:filesystem_win.cc(129)] GetFileAttributes C:\Users\lenovo\AppData\Local\Google\Chrome\User Data\Crashpad\attachments\6bb6f28f-7688-4eed-818c-fa827a4cdf61: 系统找不到指定的路径。 (0x3)
[1202/202203.719:ERROR:filesystem_win.cc(129)] GetFileAttributes C:\Users\lenovo\AppData\Local\Google\Chrome\User Data\Crashpad\attachments\a8bac437-b4de-431c-a0ea-2fc7424fadeb: 系统找不到指定的路径。 (0x3)
[1202/202203.770:ERROR:filesystem_win.cc(129)] GetFileAttributes C:\Users\lenovo\AppData\Local\Google\Chrome\User Data\Crashpad\attachments\642aae9a-4764-4c54-b1db-d3d47314e4b1: 系统找不到指定的路径。 (0x3)
[1202/202203.822:ERROR:filesystem_win.cc(129)] GetFileAttributes C:\Users\lenovo\AppData\Local\Google\Chrome\User Data\Crashpad\attachments\44d2cad3-dafd-4c24-b706-4c4c7db4876f: 系统找不到指定的路径。 (0x3)
[1202/202203.870:ERROR:filesystem_win.cc(129)] GetFileAttributes C:\Users\lenovo\AppData\Local\Google\Chrome\User Data\Crashpad\attachments\b4dc93ed-496e-4a5c-9772-07b0856e0c09: 系统找不到指定的路径。 (0x3)
[1202/202203.919:ERROR:filesystem_win.cc(129)] GetFileAttributes C:\Users\lenovo\AppData\Local\Google\Chrome\User Data\Crashpad\attachments\92e742ca-b124-4166-bacc-b256dcf04ab0: 系统找不到指定的路径。 (0x3)
[1202/202203.966:ERROR:filesystem_win.cc(129)] GetFileAttributes C:\Users\lenovo\AppData\Local\Google\Chrome\User Data\Crashpad\attachments\234afa19-122d-4ea1-81cf-d7c9b3e5b232: 系统找不到指定的路径。 (0x3)
[1202/202204.014:ERROR:filesystem_win.cc(129)] GetFileAttributes C:\Users\lenovo\AppData\Local\Google\Chrome\User Data\Crashpad\attachments\a8529025-50bb-4e65-935d-e00863a1bf0d: 系统找不到指定的路径。 (0x3)
[1202/202204.061:ERROR:filesystem_win.cc(129)] GetFileAttributes C:\Users\lenovo\AppData\Local\Google\Chrome\User Data\Crashpad\attachments\afce3cd9-3ca2-442b-9a2a-d59029328707: 系统找不到指定的路径。 (0x3)
[1202/202204.108:ERROR:filesystem_win.cc(129)] GetFileAttributes C:\Users\lenovo\AppData\Local\Google\Chrome\User Data\Crashpad\attachments\e719f3df-310e-4a63-8b6f-fc47cbc277e2: 系统找不到指定的路径。 (0x3)
[1202/202204.156:ERROR:filesystem_win.cc(129)] GetFileAttributes C:\Users\lenovo\AppData\Local\Google\Chrome\User Data\Crashpad\attachments\e18ee362-b362-418e-a274-cdd96ed59af9: 系统找不到指定的路径。 (0x3)
[1202/202204.204:ERROR:filesystem_win.cc(129)] GetFileAttributes C:\Users\lenovo\AppData\Local\Google\Chrome\User Data\Crashpad\attachments\d73f83af-2677-4118-8e89-a1f4fb1fe633: 系统找不到指定的路径。 (0x3)
[1202/202204.250:ERROR:filesystem_win.cc(129)] GetFileAttributes C:\Users\lenovo\AppData\Local\Google\Chrome\User Data\Crashpad\attachments\a640ebe6-2f99-49e0-acf4-9dbec55b719f: 系统找不到指定的路径。 (0x3)
[1202/202204.297:ERROR:filesystem_win.cc(129)] GetFileAttributes C:\Users\lenovo\AppData\Local\Google\Chrome\User Data\Crashpad\attachments\af542055-67fd-4b90-a8e9-fbaf0b677f16: 系统找不到指定的路径。 (0x3)
[1202/202204.344:ERROR:filesystem_win.cc(129)] GetFileAttributes C:\Users\lenovo\AppData\Local\Google\Chrome\User Data\Crashpad\attachments\b2855045-247f-43ea-adfc-df24784b7ce3: 系统找不到指定的路径。 (0x3)
[1202/202204.390:ERROR:filesystem_win.cc(129)] GetFileAttributes C:\Users\lenovo\AppData\Local\Google\Chrome\User Data\Crashpad\attachments\bc3c3e1c-247a-4cd3-bf8e-2811af95c3bd: 系统找不到指定的路径。 (0x3)
[1202/202204.440:ERROR:filesystem_win.cc(129)] GetFileAttributes C:\Users\lenovo\AppData\Local\Google\Chrome\User Data\Crashpad\attachments\8cab4506-d30a-4c74-972d-5c9276bc28b3: 系统找不到指定的路径。 (0x3)
[1202/202204.488:ERROR:filesystem_win.cc(129)] GetFileAttributes C:\Users\lenovo\AppData\Local\Google\Chrome\User Data\Crashpad\attachments\061766f1-d5bf-42f1-ab93-d598f35d4c87: 系统找不到指定的路径。 (0x3)
[1202/202204.537:ERROR:filesystem_win.cc(129)] GetFileAttributes C:\Users\lenovo\AppData\Local\Google\Chrome\User Data\Crashpad\attachments\7d3f3595-c130-4ec1-b701-dbd085749b43: 系统找不到指定的路径。 (0x3)
[1202/202204.595:ERROR:filesystem_win.cc(129)] GetFileAttributes C:\Users\lenovo\AppData\Local\Google\Chrome\User Data\Crashpad\attachments\c326b6cf-aefe-47f5-911b-12bd9f0dfcc0: 系统找不到指定的路径。 (0x3)
[1202/202204.656:ERROR:filesystem_win.cc(129)] GetFileAttributes C:\Users\lenovo\AppData\Local\Google\Chrome\User Data\Crashpad\attachments\bc7a74aa-41f7-4ab0-8047-543640d45782: 系统找不到指定的路径。 (0x3)
[1202/202204.710:ERROR:filesystem_win.cc(129)] GetFileAttributes C:\Users\lenovo\AppData\Local\Google\Chrome\User Data\Crashpad\attachments\a46a8bcf-e4b4-44b8-bcc5-431547a7b0df: 系统找不到指定的路径。 (0x3)
[1202/202204.768:ERROR:filesystem_win.cc(129)] GetFileAttributes C:\Users\lenovo\AppData\Local\Google\Chrome\User Data\Crashpad\attachments\263ed859-1975-478e-af80-d968ab80d51d: 系统找不到指定的路径。 (0x3)
[1202/202204.821:ERROR:filesystem_win.cc(129)] GetFileAttributes C:\Users\lenovo\AppData\Local\Google\Chrome\User Data\Crashpad\attachments\c3cca8d8-379d-4f92-ac92-9675c68d6080: 系统找不到指定的路径。 (0x3)
[1202/202204.876:ERROR:filesystem_win.cc(129)] GetFileAttributes C:\Users\lenovo\AppData\Local\Google\Chrome\User Data\Crashpad\attachments\db7e7257-38e4-4570-b3e4-43f3b1fe8c0b: 系统找不到指定的路径。 (0x3)
[1202/202204.931:ERROR:filesystem_win.cc(129)] GetFileAttributes C:\Users\lenovo\AppData\Local\Google\Chrome\User Data\Crashpad\attachments\c8efdbc6-9195-411d-befc-054cf1b21c27: 系统找不到指定的路径。 (0x3)
[1202/202204.983:ERROR:filesystem_win.cc(129)] GetFileAttributes C:\Users\lenovo\AppData\Local\Google\Chrome\User Data\Crashpad\attachments\32c1b7c6-9093-418f-95c8-5d42be3df790: 系统找不到指定的路径。 (0x3)
[1202/202205.036:ERROR:filesystem_win.cc(129)] GetFileAttributes C:\Users\lenovo\AppData\Local\Google\Chrome\User Data\Crashpad\attachments\70d2d995-7192-41a2-ad59-639e0a9878cf: 系统找不到指定的路径。 (0x3)
[1202/202205.085:ERROR:filesystem_win.cc(129)] GetFileAttributes C:\Users\lenovo\AppData\Local\Google\Chrome\User Data\Crashpad\attachments\7ee64a43-e386-4cda-895a-06d9feb14d98: 系统找不到指定的路径。 (0x3)
[1202/202205.134:ERROR:filesystem_win.cc(129)] GetFileAttributes C:\Users\lenovo\AppData\Local\Google\Chrome\User Data\Crashpad\attachments\c268911d-b9fa-4d0b-90a2-2a41818dae3c: 系统找不到指定的路径。 (0x3)
[1202/202205.209:ERROR:filesystem_win.cc(129)] GetFileAttributes C:\Users\lenovo\AppData\Local\Google\Chrome\User Data\Crashpad\attachments\3e98a32c-1642-4880-a381-939853181e5b: 系统找不到指定的路径。 (0x3)
[1202/202205.261:ERROR:filesystem_win.cc(129)] GetFileAttributes C:\Users\lenovo\AppData\Local\Google\Chrome\User Data\Crashpad\attachments\274e4bc5-e8c9-4677-87c7-62c58fb21d6d: 系统找不到指定的路径。 (0x3)
[1202/202205.314:ERROR:filesystem_win.cc(129)] GetFileAttributes C:\Users\lenovo\AppData\Local\Google\Chrome\User Data\Crashpad\attachments\11cf4564-163d-451e-b182-87d525cef8a8: 系统找不到指定的路径。 (0x3)
[1202/202205.366:ERROR:filesystem_win.cc(129)] GetFileAttributes C:\Users\lenovo\AppData\Local\Google\Chrome\User Data\Crashpad\attachments\fa4b42d9-bd0f-4873-8cfd-dd8f0b4b1e26: 系统找不到指定的路径。 (0x3)
[1202/202205.412:ERROR:filesystem_win.cc(129)] GetFileAttributes C:\Users\lenovo\AppData\Local\Google\Chrome\User Data\Crashpad\attachments\5bf314ce-34f0-4679-99cc-080643644b04: 系统找不到指定的路径。 (0x3)
[1202/202205.465:ERROR:filesystem_win.cc(129)] GetFileAttributes C:\Users\lenovo\AppData\Local\Google\Chrome\User Data\Crashpad\attachments\d3488d18-eaa0-4766-aaeb-99903a65a3ad: 系统找不到指定的路径。 (0x3)
[1202/202205.512:ERROR:filesystem_win.cc(129)] GetFileAttributes C:\Users\lenovo\AppData\Local\Google\Chrome\User Data\Crashpad\attachments\23360a06-c1f4-451f-ac12-dc83503f8bb2: 系统找不到指定的路径。 (0x3)
[1206/204942.436:ERROR:directory_reader_win.cc(43)] FindFirstFile: 系统找不到指定的路径。 (0x3)
[1208/200908.446:ERROR:directory_reader_win.cc(43)] FindFirstFile: 系统找不到指定的路径。 (0x3)
[1210/203017.542:ERROR:directory_reader_win.cc(43)] FindFirstFile: 系统找不到指定的路径。 (0x3)
